# JRE version: Java(TM) SE Runtime Environment (8.0_101-b13) (build 1.8.0_101-b13)
# Java VM: Java HotSpot(TM) 64-Bit Server VM (25.101-b13 mixed mode linux-amd64 compressed oops)
Heap:
 PSYoungGen      total 267264K, used 48198K [0x000000076dc00000, 0x0000000781e80000, 0x00000007c0000000)
  eden space 252416K, 19% used [0x000000076dc00000,0x0000000770b118d0,0x000000077d280000)
  from space 14848K, 0% used [0x000000077d280000,0x000000077d280000,0x000000077e100000)
  to   space 15360K, 0% used [0x0000000780f80000,0x0000000780f80000,0x0000000781e80000)
 ParOldGen       total 148480K, used 20550K [0x00000006c9400000, 0x00000006d2500000, 0x000000076dc00000)
  object space 148480K, 13% used [0x00000006c9400000,0x00000006ca811830,0x00000006d2500000)
 Metaspace       used 39603K, capacity 40014K, committed 40488K, reserved 1085440K
  class space    used 4970K, capacity 5109K, committed 5160K, reserved 1048576K
GC Heap History (10 events):
Event: 2.806 GC heap before
{Heap before GC invocations=5 (full 0):
 PSYoungGen      total 138240K, used 24955K [0x000000076dc00000, 0x0000000776d00000, 0x00000007c0000000)
  eden space 128000K, 11% used [0x000000076dc00000,0x000000076ea622c0,0x0000000775900000)
  from space 10240K, 99% used [0x0000000776300000,0x0000000776cfc980,0x0000000776d00000)
  to   space 10240K, 0% used [0x0000000775900000,0x0000000775900000,0x0000000776300000)
 ParOldGen       total 169472K, used 6147K [0x00000006c9400000, 0x00000006d3980000, 0x000000076dc00000)
  object space 169472K, 3% used [0x00000006c9400000,0x00000006c9a00ca8,0x00000006d3980000)
 Metaspace       used 20856K, capacity 21100K, committed 21296K, reserved 1069056K
  class space    used 2543K, capacity 2631K, committed 2688K, reserved 1048576K
Event: 2.819 GC heap after
Heap after GC invocations=5 (full 0):
 PSYoungGen      total 138240K, used 10218K [0x000000076dc00000, 0x000000077f400000, 0x00000007c0000000)
  eden space 128000K, 0% used [0x000000076dc00000,0x000000076dc00000,0x0000000775900000)
  from space 10240K, 99% used [0x0000000775900000,0x00000007762faa88,0x0000000776300000)
  to   space 15360K, 0% used [0x000000077e500000,0x000000077e500000,0x000000077f400000)
 ParOldGen       total 169472K, used 6440K [0x00000006c9400000, 0x00000006d3980000, 0x000000076dc00000)
  object space 169472K, 3% used [0x00000006c9400000,0x00000006c9a4a168,0x00000006d3980000)
 Metaspace       used 20856K, capacity 21100K, committed 21296K, reserved 1069056K
  class space    used 2543K, capacity 2631K, committed 2688K, reserved 1048576K
}
Event: 2.819 GC heap before
{Heap before GC invocations=6 (full 1):
 PSYoungGen      total 138240K, used 10218K [0x000000076dc00000, 0x000000077f400000, 0x00000007c0000000)
  eden space 128000K, 0% used [0x000000076dc00000,0x000000076dc00000,0x0000000775900000)
  from space 10240K, 99% used [0x0000000775900000,0x00000007762faa88,0x0000000776300000)
  to   space 15360K, 0% used [0x000000077e500000,0x000000077e500000,0x000000077f400000)
 ParOldGen       total 169472K, used 6440K [0x00000006c9400000, 0x00000006d3980000, 0x000000076dc00000)
  object space 169472K, 3% used [0x00000006c9400000,0x00000006c9a4a168,0x00000006d3980000)
 Metaspace       used 20856K, capacity 21100K, committed 21296K, reserved 1069056K
  class space    used 2543K, capacity 2631K, committed 2688K, reserved 1048576K
Event: 2.883 GC heap after
Heap after GC invocations=6 (full 1):
 PSYoungGen      total 138240K, used 0K [0x000000076dc00000, 0x000000077f400000, 0x00000007c0000000)
  eden space 128000K, 0% used [0x000000076dc00000,0x000000076dc00000,0x0000000775900000)
  from space 10240K, 0% used [0x0000000775900000,0x0000000775900000,0x0000000776300000)
  to   space 15360K, 0% used [0x000000077e500000,0x000000077e500000,0x000000077f400000)
 ParOldGen       total 103424K, used 10388K [0x00000006c9400000, 0x00000006cf900000, 0x000000076dc00000)
  object space 103424K, 10% used [0x00000006c9400000,0x00000006c9e25080,0x00000006cf900000)
 Metaspace       used 20856K, capacity 21100K, committed 21296K, reserved 1069056K
  class space    used 2543K, capacity 2631K, committed 2688K, reserved 1048576K
}
Event: 5.199 GC heap before
{Heap before GC invocations=7 (full 1):
 PSYoungGen      total 138240K, used 128000K [0x000000076dc00000, 0x000000077f400000, 0x00000007c0000000)
  eden space 128000K, 100% used [0x000000076dc00000,0x0000000775900000,0x0000000775900000)
  from space 10240K, 0% used [0x0000000775900000,0x0000000775900000,0x0000000776300000)
  to   space 15360K, 0% used [0x000000077e500000,0x000000077e500000,0x000000077f400000)
 ParOldGen       total 103424K, used 10388K [0x00000006c9400000, 0x00000006cf900000, 0x000000076dc00000)
  object space 103424K, 10% used [0x00000006c9400000,0x00000006c9e25080,0x00000006cf900000)
 Metaspace       used 28320K, capacity 28522K, committed 28672K, reserved 1075200K
  class space    used 3492K, capacity 3564K, committed 3584K, reserved 1048576K
Event: 5.217 GC heap after
Heap after GC invocations=7 (full 1):
 PSYoungGen      total 210944K, used 10567K [0x000000076dc00000, 0x000000077ef80000, 0x00000007c0000000)
  eden space 200192K, 0% used [0x000000076dc00000,0x000000076dc00000,0x0000000779f80000)
  from space 10752K, 98% used [0x000000077e500000,0x000000077ef51c30,0x000000077ef80000)
  to   space 14848K, 0% used [0x000000077d280000,0x000000077d280000,0x000000077e100000)
 ParOldGen       total 103424K, used 10388K [0x00000006c9400000, 0x00000006cf900000, 0x000000076dc00000)
  object space 103424K, 10% used [0x00000006c9400000,0x00000006c9e25080,0x00000006cf900000)
 Metaspace       used 28320K, capacity 28522K, committed 28672K, reserved 1075200K
  class space    used 3492K, capacity 3564K, committed 3584K, reserved 1048576K
}
Event: 23.942 GC heap before
{Heap before GC invocations=8 (full 1):
 PSYoungGen      total 210944K, used 172576K [0x000000076dc00000, 0x000000077ef80000, 0x00000007c0000000)
  eden space 200192K, 80% used [0x000000076dc00000,0x0000000777a363e8,0x0000000779f80000)
  from space 10752K, 98% used [0x000000077e500000,0x000000077ef51c30,0x000000077ef80000)
  to   space 14848K, 0% used [0x000000077d280000,0x000000077d280000,0x000000077e100000)
 ParOldGen       total 103424K, used 10388K [0x00000006c9400000, 0x00000006cf900000, 0x000000076dc00000)
  object space 103424K, 10% used [0x00000006c9400000,0x00000006c9e25080,0x00000006cf900000)
 Metaspace       used 34960K, capacity 35234K, committed 35496K, reserved 1081344K
  class space    used 4415K, capacity 4508K, committed 4520K, reserved 1048576K
Event: 23.960 GC heap after
Heap after GC invocations=8 (full 1):
 PSYoungGen      total 267264K, used 12927K [0x000000076dc00000, 0x0000000781e80000, 0x00000007c0000000)
  eden space 252416K, 0% used [0x000000076dc00000,0x000000076dc00000,0x000000077d280000)
  from space 14848K, 87% used [0x000000077d280000,0x000000077df1fc40,0x000000077e100000)
  to   space 15360K, 0% used [0x0000000780f80000,0x0000000780f80000,0x0000000781e80000)
 ParOldGen       total 103424K, used 10396K [0x00000006c9400000, 0x00000006cf900000, 0x000000076dc00000)
  object space 103424K, 10% used [0x00000006c9400000,0x00000006c9e27080,0x00000006cf900000)
 Metaspace       used 34960K, capacity 35234K, committed 35496K, reserved 1081344K
  class space    used 4415K, capacity 4508K, committed 4520K, reserved 1048576K
}
Event: 23.960 GC heap before
{Heap before GC invocations=9 (full 2):
 PSYoungGen      total 267264K, used 12927K [0x000000076dc00000, 0x0000000781e80000, 0x00000007c0000000)
  eden space 252416K, 0% used [0x000000076dc00000,0x000000076dc00000,0x000000077d280000)
  from space 14848K, 87% used [0x000000077d280000,0x000000077df1fc40,0x000000077e100000)
  to   space 15360K, 0% used [0x0000000780f80000,0x0000000780f80000,0x0000000781e80000)
 ParOldGen       total 103424K, used 10396K [0x00000006c9400000, 0x00000006cf900000, 0x000000076dc00000)
  object space 103424K, 10% used [0x00000006c9400000,0x00000006c9e27080,0x00000006cf900000)
 Metaspace       used 34960K, capacity 35234K, committed 35496K, reserved 1081344K
  class space    used 4415K, capacity 4508K, committed 4520K, reserved 1048576K
Event: 24.093 GC heap after
Heap after GC invocations=9 (full 2):
 PSYoungGen      total 267264K, used 0K [0x000000076dc00000, 0x0000000781e80000, 0x00000007c0000000)
  eden space 252416K, 0% used [0x000000076dc00000,0x000000076dc00000,0x000000077d280000)
  from space 14848K, 0% used [0x000000077d280000,0x000000077d280000,0x000000077e100000)
  to   space 15360K, 0% used [0x0000000780f80000,0x0000000780f80000,0x0000000781e80000)
 ParOldGen       total 148480K, used 20550K [0x00000006c9400000, 0x00000006d2500000, 0x000000076dc00000)
  object space 148480K, 13% used [0x00000006c9400000,0x00000006ca811830,0x00000006d2500000)
 Metaspace       used 34960K, capacity 35234K, committed 35496K, reserved 1081344K
  class space    used 4415K, capacity 4508K, committed 4520K, reserved 1048576K
}

